2020-05-20T15:07:57+00:00 CRITICAL Uncaught Error: Call to a member function get_price_html() on null in C:\wamp64\www\Oenogusto\wp-content\themes\html5blank-stable\woocommerce\single-product\tabs\description.php:31
Stack trace:
#0 C:\wamp64\www\Oenogusto\wp-content\plugins\woocommerce\includes\wc-core-functions.php(251): include()
#1 C:\wamp64\www\Oenogusto\wp-content\plugins\woocommerce\includes\wc-template-functions.php(1716): wc_get_template('single-product/...')
#2 C:\wamp64\www\Oenogusto\wp-content\themes\html5blank-stable\woocommerce\single-product\tabs\tabs.php(47): woocommerce_product_description_tab('description', Array)
#3 C:\wamp64\www\Oenogusto\wp-content\plugins\woocommerce\includes\wc-core-functions.php(251): include('C:\\wamp64\\www\\O...')
#4 C:\wamp64\www\Oenogusto\wp-content\plugins\woocommerce\includes\wc-template-functions.php(1500): wc_get_template('single-product/...')
#5 C:\wamp64\www\Oenogusto\wp-includes\class-wp-hook.php(288): woocommerce_output_product_data_tabs('')
#6 C:\wamp64\www\Oenogusto\wp-includes\class-wp-ho dans C:\wamp64\www\Oenogusto\wp-content\themes\html5blank-stable\woocommerce\single-product\tabs\description.php à la ligne 31

2020-05-20T15:08:17+00:00 CRITICAL Uncaught Error: Call to a member function get_price_html() on null in C:\wamp64\www\Oenogusto\wp-content\themes\html5blank-stable\woocommerce\single-product\tabs\description.php:30
Stack trace:
#0 C:\wamp64\www\Oenogusto\wp-content\plugins\woocommerce\includes\wc-core-functions.php(251): include()
#1 C:\wamp64\www\Oenogusto\wp-content\plugins\woocommerce\includes\wc-template-functions.php(1716): wc_get_template('single-product/...')
#2 C:\wamp64\www\Oenogusto\wp-content\themes\html5blank-stable\woocommerce\single-product\tabs\tabs.php(47): woocommerce_product_description_tab('description', Array)
#3 C:\wamp64\www\Oenogusto\wp-content\plugins\woocommerce\includes\wc-core-functions.php(251): include('C:\\wamp64\\www\\O...')
#4 C:\wamp64\www\Oenogusto\wp-content\plugins\woocommerce\includes\wc-template-functions.php(1500): wc_get_template('single-product/...')
#5 C:\wamp64\www\Oenogusto\wp-includes\class-wp-hook.php(288): woocommerce_output_product_data_tabs('')
#6 C:\wamp64\www\Oenogusto\wp-includes\class-wp-ho dans C:\wamp64\www\Oenogusto\wp-content\themes\html5blank-stable\woocommerce\single-product\tabs\description.php à la ligne 30

2020-05-20T15:08:25+00:00 CRITICAL Uncaught Error: Call to a member function get_price_html() on null in C:\wamp64\www\Oenogusto\wp-content\themes\html5blank-stable\woocommerce\single-product\tabs\description.php:28
Stack trace:
#0 C:\wamp64\www\Oenogusto\wp-content\plugins\woocommerce\includes\wc-core-functions.php(251): include()
#1 C:\wamp64\www\Oenogusto\wp-content\plugins\woocommerce\includes\wc-template-functions.php(1716): wc_get_template('single-product/...')
#2 C:\wamp64\www\Oenogusto\wp-content\themes\html5blank-stable\woocommerce\single-product\tabs\tabs.php(47): woocommerce_product_description_tab('description', Array)
#3 C:\wamp64\www\Oenogusto\wp-content\plugins\woocommerce\includes\wc-core-functions.php(251): include('C:\\wamp64\\www\\O...')
#4 C:\wamp64\www\Oenogusto\wp-content\plugins\woocommerce\includes\wc-template-functions.php(1500): wc_get_template('single-product/...')
#5 C:\wamp64\www\Oenogusto\wp-includes\class-wp-hook.php(288): woocommerce_output_product_data_tabs('')
#6 C:\wamp64\www\Oenogusto\wp-includes\class-wp-ho dans C:\wamp64\www\Oenogusto\wp-content\themes\html5blank-stable\woocommerce\single-product\tabs\description.php à la ligne 28

