2020-05-11T10:58:54+00:00 CRITICAL syntax error, unexpected '}', expecting ',' or ';' dans C:\wamp64\www\Oenogusto\wp-content\themes\html5blank-stable\functions.php à la ligne 435

2020-05-11T10:58:56+00:00 CRITICAL syntax error, unexpected '}', expecting ',' or ';' dans C:\wamp64\www\Oenogusto\wp-content\themes\html5blank-stable\functions.php à la ligne 435

2020-05-11T11:38:48+00:00 CRITICAL Uncaught Error: Call to a member function get_sku() on null in C:\wamp64\www\Oenogusto\wp-content\themes\html5blank-stable\functions.php:422
Stack trace:
#0 C:\wamp64\www\Oenogusto\wp-includes\class-wp-hook.php(288): change_title('')
#1 C:\wamp64\www\Oenogusto\wp-includes\class-wp-hook.php(312): WP_Hook->apply_filters('', Array)
#2 C:\wamp64\www\Oenogusto\wp-includes\plugin.php(478): WP_Hook->do_action(Array)
#3 C:\wamp64\www\Oenogusto\wp-content\themes\html5blank-stable\woocommerce\content-product.php(58): do_action('woocommerce_sho...')
#4 C:\wamp64\www\Oenogusto\wp-includes\template.php(724): require('C:\\wamp64\\www\\O...')
#5 C:\wamp64\www\Oenogusto\wp-content\plugins\woocommerce\includes\wc-core-functions.php(197): load_template('C:\\wamp64\\www\\O...', false)
#6 C:\wamp64\www\Oenogusto\wp-content\themes\html5blank-stable\woocommerce\archive-product.php(70): wc_get_template_part('content', 'product')
#7 C:\wamp64\www\Oenogusto\wp-includes\template-loader.php(98): include('C:\\wamp64\\www\\O...')
#8 C:\w dans C:\wamp64\www\Oenogusto\wp-content\themes\html5blank-stable\functions.php à la ligne 422

2020-05-11T11:41:34+00:00 CRITICAL Uncaught Error: Call to undefined function get_sku() in C:\wamp64\www\Oenogusto\wp-content\themes\html5blank-stable\functions.php:425
Stack trace:
#0 C:\wamp64\www\Oenogusto\wp-includes\class-wp-hook.php(288): change_title('')
#1 C:\wamp64\www\Oenogusto\wp-includes\class-wp-hook.php(312): WP_Hook->apply_filters('', Array)
#2 C:\wamp64\www\Oenogusto\wp-includes\plugin.php(478): WP_Hook->do_action(Array)
#3 C:\wamp64\www\Oenogusto\wp-content\themes\html5blank-stable\woocommerce\content-product.php(58): do_action('woocommerce_sho...')
#4 C:\wamp64\www\Oenogusto\wp-includes\template.php(724): require('C:\\wamp64\\www\\O...')
#5 C:\wamp64\www\Oenogusto\wp-content\plugins\woocommerce\includes\wc-core-functions.php(197): load_template('C:\\wamp64\\www\\O...', false)
#6 C:\wamp64\www\Oenogusto\wp-content\themes\html5blank-stable\woocommerce\archive-product.php(70): wc_get_template_part('content', 'product')
#7 C:\wamp64\www\Oenogusto\wp-includes\template-loader.php(98): include('C:\\wamp64\\www\\O...')
#8 C:\wamp64\w dans C:\wamp64\www\Oenogusto\wp-content\themes\html5blank-stable\functions.php à la ligne 425

2020-05-11T11:50:22+00:00 CRITICAL Uncaught Error: Call to undefined method WC_Product_Simple::get_category() in C:\wamp64\www\Oenogusto\wp-content\themes\html5blank-stable\functions.php:425
Stack trace:
#0 C:\wamp64\www\Oenogusto\wp-includes\class-wp-hook.php(288): change_title('')
#1 C:\wamp64\www\Oenogusto\wp-includes\class-wp-hook.php(312): WP_Hook->apply_filters('', Array)
#2 C:\wamp64\www\Oenogusto\wp-includes\plugin.php(478): WP_Hook->do_action(Array)
#3 C:\wamp64\www\Oenogusto\wp-content\themes\html5blank-stable\woocommerce\content-product.php(58): do_action('woocommerce_sho...')
#4 C:\wamp64\www\Oenogusto\wp-includes\template.php(724): require('C:\\wamp64\\www\\O...')
#5 C:\wamp64\www\Oenogusto\wp-content\plugins\woocommerce\includes\wc-core-functions.php(197): load_template('C:\\wamp64\\www\\O...', false)
#6 C:\wamp64\www\Oenogusto\wp-content\themes\html5blank-stable\woocommerce\archive-product.php(70): wc_get_template_part('content', 'product')
#7 C:\wamp64\www\Oenogusto\wp-includes\template-loader.php(98): include('C:\\wamp64\\www\ dans C:\wamp64\www\Oenogusto\wp-content\themes\html5blank-stable\functions.php à la ligne 425

2020-05-11T11:50:31+00:00 CRITICAL Uncaught Error: Call to undefined method WC_Product_Simple::the_category() in C:\wamp64\www\Oenogusto\wp-content\themes\html5blank-stable\functions.php:425
Stack trace:
#0 C:\wamp64\www\Oenogusto\wp-includes\class-wp-hook.php(288): change_title('')
#1 C:\wamp64\www\Oenogusto\wp-includes\class-wp-hook.php(312): WP_Hook->apply_filters('', Array)
#2 C:\wamp64\www\Oenogusto\wp-includes\plugin.php(478): WP_Hook->do_action(Array)
#3 C:\wamp64\www\Oenogusto\wp-content\themes\html5blank-stable\woocommerce\content-product.php(58): do_action('woocommerce_sho...')
#4 C:\wamp64\www\Oenogusto\wp-includes\template.php(724): require('C:\\wamp64\\www\\O...')
#5 C:\wamp64\www\Oenogusto\wp-content\plugins\woocommerce\includes\wc-core-functions.php(197): load_template('C:\\wamp64\\www\\O...', false)
#6 C:\wamp64\www\Oenogusto\wp-content\themes\html5blank-stable\woocommerce\archive-product.php(70): wc_get_template_part('content', 'product')
#7 C:\wamp64\www\Oenogusto\wp-includes\template-loader.php(98): include('C:\\wamp64\\www\ dans C:\wamp64\www\Oenogusto\wp-content\themes\html5blank-stable\functions.php à la ligne 425

2020-05-11T11:52:50+00:00 CRITICAL Uncaught Error: Call to undefined function woocommerce_product_category() in C:\wamp64\www\Oenogusto\wp-content\themes\html5blank-stable\functions.php:425
Stack trace:
#0 C:\wamp64\www\Oenogusto\wp-includes\class-wp-hook.php(288): change_title('')
#1 C:\wamp64\www\Oenogusto\wp-includes\class-wp-hook.php(312): WP_Hook->apply_filters('', Array)
#2 C:\wamp64\www\Oenogusto\wp-includes\plugin.php(478): WP_Hook->do_action(Array)
#3 C:\wamp64\www\Oenogusto\wp-content\themes\html5blank-stable\woocommerce\content-product.php(58): do_action('woocommerce_sho...')
#4 C:\wamp64\www\Oenogusto\wp-includes\template.php(724): require('C:\\wamp64\\www\\O...')
#5 C:\wamp64\www\Oenogusto\wp-content\plugins\woocommerce\includes\wc-core-functions.php(197): load_template('C:\\wamp64\\www\\O...', false)
#6 C:\wamp64\www\Oenogusto\wp-content\themes\html5blank-stable\woocommerce\archive-product.php(70): wc_get_template_part('content', 'product')
#7 C:\wamp64\www\Oenogusto\wp-includes\template-loader.php(98): include('C:\\wamp64\\www\\ dans C:\wamp64\www\Oenogusto\wp-content\themes\html5blank-stable\functions.php à la ligne 425

2020-05-11T11:53:07+00:00 CRITICAL Uncaught Error: Call to undefined method WC_Product_Simple::the_category() in C:\wamp64\www\Oenogusto\wp-content\themes\html5blank-stable\functions.php:425
Stack trace:
#0 C:\wamp64\www\Oenogusto\wp-includes\class-wp-hook.php(288): change_title('')
#1 C:\wamp64\www\Oenogusto\wp-includes\class-wp-hook.php(312): WP_Hook->apply_filters('', Array)
#2 C:\wamp64\www\Oenogusto\wp-includes\plugin.php(478): WP_Hook->do_action(Array)
#3 C:\wamp64\www\Oenogusto\wp-content\themes\html5blank-stable\woocommerce\content-product.php(58): do_action('woocommerce_sho...')
#4 C:\wamp64\www\Oenogusto\wp-includes\template.php(724): require('C:\\wamp64\\www\\O...')
#5 C:\wamp64\www\Oenogusto\wp-content\plugins\woocommerce\includes\wc-core-functions.php(197): load_template('C:\\wamp64\\www\\O...', false)
#6 C:\wamp64\www\Oenogusto\wp-content\themes\html5blank-stable\woocommerce\archive-product.php(70): wc_get_template_part('content', 'product')
#7 C:\wamp64\www\Oenogusto\wp-includes\template-loader.php(98): include('C:\\wamp64\\www\ dans C:\wamp64\www\Oenogusto\wp-content\themes\html5blank-stable\functions.php à la ligne 425

